<?xml version="1.0" encoding="UTF-8"?>
<testsuite xmlns:xsi="http://www.w3.org/2001/XMLSchema-instance" xsi:noNamespaceSchemaLocation="https://maven.apache.org/surefire/maven-surefire-plugin/xsd/surefire-test-report-3.0.xsd" version="3.0" name="FirstTest" time="27.813" tests="1" errors="0" skipped="0" failures="0">
  <properties>
[...]
</properties>
  <testcase name="eightComponents" classname="FirstTest" time="27.769">
    <system-out><![CDATA[20:00:49.820 [main] DEBUG io.netty.util.internal.logging.InternalLoggerFactory -- Using SLF4J as the default logging framework
20:00:49.834 [main] DEBUG io.netty.util.ResourceLeakDetector -- -Dio.netty.leakDetection.level: simple
20:00:49.835 [main] DEBUG io.netty.util.ResourceLeakDetector -- -Dio.netty.leakDetection.targetRecords: 4
20:00:49.840 [main] DEBUG io.netty.util.ResourceLeakDetectorFactory -- Loaded default ResourceLeakDetector: io.netty.util.ResourceLeakDetector@4dd6fd0a
20:00:49.891 [main] DEBUG io.netty.util.internal.PlatformDependent0 -- -Dio.netty.noUnsafe: false
20:00:49.891 [main] DEBUG io.netty.util.internal.PlatformDependent0 -- Java version: 20
20:00:49.912 [main] DEBUG io.netty.util.internal.PlatformDependent0 -- sun.misc.Unsafe.theUnsafe: available
20:00:49.915 [main] DEBUG io.netty.util.internal.PlatformDependent0 -- sun.misc.Unsafe.copyMemory: available
20:00:49.916 [main] DEBUG io.netty.util.internal.PlatformDependent0 -- sun.misc.Unsafe.storeFence: available
20:00:49.917 [main] DEBUG io.netty.util.internal.PlatformDependent0 -- java.nio.Buffer.address: available
20:00:49.918 [main] DEBUG io.netty.util.internal.PlatformDependent0 -- direct buffer constructor: unavailable: Reflective setAccessible(true) disabled
20:00:49.919 [main] DEBUG io.netty.util.internal.PlatformDependent0 -- java.nio.Bits.unaligned: available, true
20:00:49.921 [main] DEBUG io.netty.util.internal.PlatformDependent0 -- jdk.internal.misc.Unsafe.allocateUninitializedArray(int): unavailable: class io.netty.util.internal.PlatformDependent0$7 cannot access class jdk.internal.misc.Unsafe (in module java.base) because module java.base does not export jdk.internal.misc to unnamed module @3f025b6b
20:00:49.925 [main] DEBUG io.netty.util.internal.PlatformDependent0 -- java.nio.DirectByteBuffer.<init>(long, {int,long}): unavailable
20:00:49.925 [main] DEBUG io.netty.util.internal.PlatformDependent -- sun.misc.Unsafe: available
20:00:49.930 [main] DEBUG io.netty.util.internal.PlatformDependent -- maxDirectMemory: 4294967296 bytes (maybe)
20:00:49.930 [main] DEBUG io.netty.util.internal.PlatformDependent -- -Dio.netty.tmpdir: /var/folders/nn/vyknw3x55cs4vdqzng2_gckw0000gn/T (java.io.tmpdir)
20:00:49.931 [main] DEBUG io.netty.util.internal.PlatformDependent -- -Dio.netty.bitMode: 64 (sun.arch.data.model)
20:00:49.931 [main] DEBUG io.netty.util.internal.PlatformDependent -- Platform: MacOS
20:00:49.932 [main] DEBUG io.netty.util.internal.PlatformDependent -- -Dio.netty.maxDirectMemory: -1 bytes
20:00:49.932 [main] DEBUG io.netty.util.internal.PlatformDependent -- -Dio.netty.uninitializedArrayAllocationThreshold: -1
20:00:49.933 [main] DEBUG io.netty.util.internal.CleanerJava9 -- java.nio.ByteBuffer.cleaner(): available
20:00:49.933 [main] DEBUG io.netty.util.internal.PlatformDependent -- -Dio.netty.noPreferDirect: false
20:00:49.940 [main] DEBUG io.netty.util.internal.PlatformDependent -- org.jctools-core.MpscChunkedArrayQueue: available
20:00:49.993 [main] DEBUG io.netty.util.internal.InternalThreadLocalMap -- -Dio.netty.threadLocalMap.stringBuilder.initialSize: 1024
20:00:49.993 [main] DEBUG io.netty.util.internal.InternalThreadLocalMap -- -Dio.netty.threadLocalMap.stringBuilder.maxSize: 4096
20:00:50.366 [main] DEBUG io.netty.handler.ssl.JdkSslContext -- Default protocols (JDK): [TLSv1.3, TLSv1.2] 
20:00:50.366 [main] DEBUG io.netty.handler.ssl.JdkSslContext -- Default cipher suites (JDK): [TLS_ECDHE_ECDSA_WITH_AES_256_GCM_SHA384, TLS_ECDHE_ECDSA_WITH_AES_128_GCM_SHA256, TLS_ECDHE_RSA_WITH_AES_128_GCM_SHA256, TLS_ECDHE_RSA_WITH_AES_256_GCM_SHA384, TLS_ECDHE_RSA_WITH_AES_128_CBC_SHA, TLS_ECDHE_RSA_WITH_AES_256_CBC_SHA, TLS_RSA_WITH_AES_128_GCM_SHA256, TLS_RSA_WITH_AES_128_CBC_SHA, TLS_RSA_WITH_AES_256_CBC_SHA, TLS_AES_128_GCM_SHA256, TLS_AES_256_GCM_SHA384]
20:00:50.395 [main] DEBUG io.netty.util.concurrent.GlobalEventExecutor -- -Dio.netty.globalEventExecutor.quietPeriodSeconds: 1
20:00:50.421 [main] DEBUG io.netty.channel.MultithreadEventLoopGroup -- -Dio.netty.eventLoopThreads: 8
20:00:50.442 [main] DEBUG io.netty.channel.nio.NioEventLoop -- -Dio.netty.noKeySetOptimization: false
20:00:50.442 [main] DEBUG io.netty.channel.nio.NioEventLoop -- -Dio.netty.selectorAutoRebuildThreshold: 512
20:00:50.523 [main] DEBUG io.netty.buffer.PooledByteBufAllocator -- -Dio.netty.allocator.numHeapArenas: 8
20:00:50.523 [main] DEBUG io.netty.buffer.PooledByteBufAllocator -- -Dio.netty.allocator.numDirectArenas: 8
20:00:50.523 [main] DEBUG io.netty.buffer.PooledByteBufAllocator -- -Dio.netty.allocator.pageSize: 8192
20:00:50.523 [main] DEBUG io.netty.buffer.PooledByteBufAllocator -- -Dio.netty.allocator.maxOrder: 9
20:00:50.523 [main] DEBUG io.netty.buffer.PooledByteBufAllocator -- -Dio.netty.allocator.chunkSize: 4194304
20:00:50.523 [main] DEBUG io.netty.buffer.PooledByteBufAllocator -- -Dio.netty.allocator.smallCacheSize: 256
20:00:50.524 [main] DEBUG io.netty.buffer.PooledByteBufAllocator -- -Dio.netty.allocator.normalCacheSize: 64
20:00:50.524 [main] DEBUG io.netty.buffer.PooledByteBufAllocator -- -Dio.netty.allocator.maxCachedBufferCapacity: 32768
20:00:50.524 [main] DEBUG io.netty.buffer.PooledByteBufAllocator -- -Dio.netty.allocator.cacheTrimInterval: 8192
20:00:50.528 [main] DEBUG io.netty.buffer.PooledByteBufAllocator -- -Dio.netty.allocator.cacheTrimIntervalMillis: 0
20:00:50.528 [main] DEBUG io.netty.buffer.PooledByteBufAllocator -- -Dio.netty.allocator.useCacheForAllThreads: false
20:00:50.528 [main] DEBUG io.netty.buffer.PooledByteBufAllocator -- -Dio.netty.allocator.maxCachedByteBuffersPerChunk: 1023
20:00:50.581 [main] DEBUG io.netty.buffer.ByteBufUtil -- -Dio.netty.allocator.type: pooled
20:00:50.584 [main] DEBUG io.netty.buffer.ByteBufUtil -- -Dio.netty.threadLocalDirectBufferSize: 0
20:00:50.589 [main] DEBUG io.netty.buffer.ByteBufUtil -- -Dio.netty.maxThreadLocalCharBufferSize: 16384
20:00:51.783 [Forwarding newSession on session null to remote] DEBUG io.netty.channel.DefaultChannelId -- -Dio.netty.processId: 17862 (auto-detected)
20:00:51.785 [Forwarding newSession on session null to remote] DEBUG io.netty.util.NetUtil -- -Djava.net.preferIPv4Stack: false
20:00:51.786 [Forwarding newSession on session null to remote] DEBUG io.netty.util.NetUtil -- -Djava.net.preferIPv6Addresses: false
20:00:51.792 [Forwarding newSession on session null to remote] DEBUG io.netty.util.NetUtilInitializations -- Loopback interface: lo0 (lo0, 0:0:0:0:0:0:0:1%lo0)
20:00:51.794 [Forwarding newSession on session null to remote] DEBUG io.netty.util.NetUtil -- Failed to get SOMAXCONN from sysctl and file /proc/sys/net/core/somaxconn. Default: 128
20:00:51.796 [Forwarding newSession on session null to remote] DEBUG io.netty.channel.DefaultChannelId -- -Dio.netty.machineId: 88:e9:fe:ff:fe:57:a5:fd (auto-detected)
20:00:51.874 [AsyncHttpClient-1-2] DEBUG io.netty.buffer.AbstractByteBuf -- -Dio.netty.buffer.checkAccessible: true
20:00:51.875 [AsyncHttpClient-1-2] DEBUG io.netty.buffer.AbstractByteBuf -- -Dio.netty.buffer.checkBounds: true
20:00:51.875 [AsyncHttpClient-1-2] DEBUG io.netty.util.ResourceLeakDetectorFactory -- Loaded default ResourceLeakDetector: io.netty.util.ResourceLeakDetector@429528de
20:00:51.910 [AsyncHttpClient-1-2] DEBUG org.asynchttpclient.netty.channel.NettyConnectListener -- Using new Channel '[id: 0x304bf9d8, L:/127.0.0.1:49763 - R:localhost/127.0.0.1:19894]' for 'POST' to '/session'
20:00:51.934 [AsyncHttpClient-1-2] DEBUG io.netty.util.Recycler -- -Dio.netty.recycler.maxCapacityPerThread: 4096
20:00:51.934 [AsyncHttpClient-1-2] DEBUG io.netty.util.Recycler -- -Dio.netty.recycler.ratio: 8
20:00:51.934 [AsyncHttpClient-1-2] DEBUG io.netty.util.Recycler -- -Dio.netty.recycler.chunkSize: 32
20:00:51.935 [AsyncHttpClient-1-2] DEBUG io.netty.util.Recycler -- -Dio.netty.recycler.blocking: false
20:00:51.935 [AsyncHttpClient-1-2] DEBUG io.netty.util.Recycler -- -Dio.netty.recycler.batchFastThreadLocalOnly: true
20:01:02.649 [AsyncHttpClient-1-2] DEBUG io.netty.handler.codec.compression.Brotli -- brotli4j not in the classpath; Brotli support will be unavailable.
20:01:02.649 [AsyncHttpClient-1-2] DEBUG org.asynchttpclient.netty.handler.HttpHandler -- 

Request DefaultHttpRequest(decodeResult: success, version: HTTP/1.1)
POST /session HTTP/1.1
User-Agent: selenium/4.13.0 (java mac)
Content-Length: 363
Content-Type: application/json; charset=utf-8
host: localhost:19894
accept: */*

Response DefaultHttpResponse(decodeResult: success, version: HTTP/1.1)
HTTP/1.1 200 OK
Content-Length: 897
Content-Type: application/json; charset=utf-8
cache-control: no-cache

20:01:02.663 [AsyncHttpClient-1-2] DEBUG org.asynchttpclient.netty.channel.ChannelManager -- Adding key: http://localhost:19894 for channel [id: 0x304bf9d8, L:/127.0.0.1:49763 - R:localhost/127.0.0.1:19894]
20:01:03.036 [AsyncHttpClient-1-3] DEBUG org.asynchttpclient.netty.channel.NettyConnectListener -- Using new Channel '[id: 0xadc2444d, L:/127.0.0.1:49768 - R:localhost/127.0.0.1:49764]' for 'GET' to '/json/version'
20:01:03.041 [AsyncHttpClient-1-3] DEBUG org.asynchttpclient.netty.handler.HttpHandler -- 

Request DefaultFullHttpRequest(decodeResult: success, version: HTTP/1.1, content: EmptyByteBufBE)
GET /json/version HTTP/1.1
User-Agent: selenium/4.13.0 (java mac)
host: localhost:49764
accept: */*

Response DefaultHttpResponse(decodeResult: success, version: HTTP/1.1)
HTTP/1.1 200 OK
Content-Security-Policy: frame-ancestors 'none'
Content-Length: 422
Content-Type: application/json; charset=UTF-8

20:01:03.041 [AsyncHttpClient-1-3] DEBUG org.asynchttpclient.netty.channel.ChannelManager -- Adding key: http://localhost:49764 for channel [id: 0xadc2444d, L:/127.0.0.1:49768 - R:localhost/127.0.0.1:49764]
20:01:03.096 [main] DEBUG io.netty.util.internal.ThreadLocalRandom -- -Dio.netty.initialSeedUniquifier: 0xa012b3020d2c2aa8
20:01:03.101 [AsyncHttpClient-1-4] DEBUG org.asynchttpclient.netty.channel.NettyConnectListener -- Using new Channel '[id: 0x8baf13f9, L:/127.0.0.1:49769 - R:localhost/127.0.0.1:49764]' for 'GET' to '/devtools/browser/cb0fe822-7fed-41c7-b7a5-f5840f9911d9'
20:01:03.107 [AsyncHttpClient-1-4] DEBUG org.asynchttpclient.netty.handler.WebSocketHandler -- 

Request DefaultFullHttpRequest(decodeResult: success, version: HTTP/1.1, content: EmptyByteBufBE)
GET /devtools/browser/cb0fe822-7fed-41c7-b7a5-f5840f9911d9 HTTP/1.1
upgrade: websocket
connection: upgrade
sec-websocket-key: jIPoXBo85MuLNkYtD6NoAA==
sec-websocket-version: 13
origin: http://localhost:49764
host: localhost:49764
accept: */*
user-agent: AHC/2.1

Response DefaultHttpResponse(decodeResult: success, version: HTTP/1.1)
HTTP/1.1 101 WebSocket Protocol Handshake
Upgrade: WebSocket
Connection: Upgrade
Sec-WebSocket-Accept: CzkDe7Cb+RVrhuv4Y0GxciAAUVA=

20:01:03.201 [Forwarding get on session c6821277ecba51d47ad66071b6823210 to remote] DEBUG org.asynchttpclient.netty.request.NettyRequestSender -- Using pooled Channel '[id: 0x304bf9d8, L:/127.0.0.1:49763 - R:localhost/127.0.0.1:19894]' for 'POST' to 'http://localhost:19894/session/c6821277ecba51d47ad66071b6823210/url'
20:01:03.202 [Forwarding get on session c6821277ecba51d47ad66071b6823210 to remote] DEBUG org.asynchttpclient.netty.request.NettyRequestSender -- Using open Channel [id: 0x304bf9d8, L:/127.0.0.1:49763 - R:localhost/127.0.0.1:19894] for POST '/session/c6821277ecba51d47ad66071b6823210/url'
20:01:03.561 [AsyncHttpClient-1-1] DEBUG org.asynchttpclient.netty.channel.DefaultChannelPool -- Entry count for : http://localhost:49764 : 1
20:01:04.521 [AsyncHttpClient-1-2] DEBUG org.asynchttpclient.netty.handler.HttpHandler -- 

Request DefaultHttpRequest(decodeResult: success, version: HTTP/1.1)
POST /session/c6821277ecba51d47ad66071b6823210/url HTTP/1.1
User-Agent: selenium/4.13.0 (java mac)
Content-Length: 91
Content-Type: application/json; charset=utf-8
host: localhost:19894
accept: */*

Response DefaultHttpResponse(decodeResult: success, version: HTTP/1.1)
HTTP/1.1 200 OK
Content-Length: 14
Content-Type: application/json; charset=utf-8
cache-control: no-cache

20:01:04.521 [AsyncHttpClient-1-2] DEBUG org.asynchttpclient.netty.channel.ChannelManager -- Adding key: http://localhost:19894 for channel [id: 0x304bf9d8, L:/127.0.0.1:49763 - R:localhost/127.0.0.1:19894]
20:01:04.524 [Forwarding getTitle on session c6821277ecba51d47ad66071b6823210 to remote] DEBUG org.asynchttpclient.netty.request.NettyRequestSender -- Using pooled Channel '[id: 0x304bf9d8, L:/127.0.0.1:49763 - R:localhost/127.0.0.1:19894]' for 'GET' to 'http://localhost:19894/session/c6821277ecba51d47ad66071b6823210/title'
20:01:04.525 [Forwarding getTitle on session c6821277ecba51d47ad66071b6823210 to remote] DEBUG org.asynchttpclient.netty.request.NettyRequestSender -- Using open Channel [id: 0x304bf9d8, L:/127.0.0.1:49763 - R:localhost/127.0.0.1:19894] for GET '/session/c6821277ecba51d47ad66071b6823210/title'
20:01:04.536 [AsyncHttpClient-1-2] DEBUG org.asynchttpclient.netty.handler.HttpHandler -- 

Request DefaultFullHttpRequest(decodeResult: success, version: HTTP/1.1, content: EmptyByteBufBE)
GET /session/c6821277ecba51d47ad66071b6823210/title HTTP/1.1
Cache-Control: no-cache
User-Agent: selenium/4.13.0 (java mac)
Content-Type: application/json; charset=utf-8
host: localhost:19894
accept: */*

Response DefaultHttpResponse(decodeResult: success, version: HTTP/1.1)
HTTP/1.1 200 OK
Content-Length: 20
Content-Type: application/json; charset=utf-8
cache-control: no-cache

20:01:04.537 [AsyncHttpClient-1-2] DEBUG org.asynchttpclient.netty.channel.ChannelManager -- Adding key: http://localhost:19894 for channel [id: 0x304bf9d8, L:/127.0.0.1:49763 - R:localhost/127.0.0.1:19894]
20:01:04.552 [Forwarding setTimeout on session c6821277ecba51d47ad66071b6823210 to remote] DEBUG org.asynchttpclient.netty.request.NettyRequestSender -- Using pooled Channel '[id: 0x304bf9d8, L:/127.0.0.1:49763 - R:localhost/127.0.0.1:19894]' for 'POST' to 'http://localhost:19894/session/c6821277ecba51d47ad66071b6823210/timeouts'
20:01:04.552 [Forwarding setTimeout on session c6821277ecba51d47ad66071b6823210 to remote] DEBUG org.asynchttpclient.netty.request.NettyRequestSender -- Using open Channel [id: 0x304bf9d8, L:/127.0.0.1:49763 - R:localhost/127.0.0.1:19894] for POST '/session/c6821277ecba51d47ad66071b6823210/timeouts'
20:01:04.554 [AsyncHttpClient-1-2] DEBUG org.asynchttpclient.netty.handler.HttpHandler -- 

Request DefaultHttpRequest(decodeResult: success, version: HTTP/1.1)
POST /session/c6821277ecba51d47ad66071b6823210/timeouts HTTP/1.1
User-Agent: selenium/4.13.0 (java mac)
Content-Length: 21
Content-Type: application/json; charset=utf-8
host: localhost:19894
accept: */*

Response DefaultHttpResponse(decodeResult: success, version: HTTP/1.1)
HTTP/1.1 200 OK
Content-Length: 14
Content-Type: application/json; charset=utf-8
cache-control: no-cache

20:01:04.554 [AsyncHttpClient-1-2] DEBUG org.asynchttpclient.netty.channel.ChannelManager -- Adding key: http://localhost:19894 for channel [id: 0x304bf9d8, L:/127.0.0.1:49763 - R:localhost/127.0.0.1:19894]
20:01:04.558 [Forwarding findElement on session c6821277ecba51d47ad66071b6823210 to remote] DEBUG org.asynchttpclient.netty.request.NettyRequestSender -- Using pooled Channel '[id: 0x304bf9d8, L:/127.0.0.1:49763 - R:localhost/127.0.0.1:19894]' for 'POST' to 'http://localhost:19894/session/c6821277ecba51d47ad66071b6823210/element'
20:01:04.558 [Forwarding findElement on session c6821277ecba51d47ad66071b6823210 to remote] DEBUG org.asynchttpclient.netty.request.NettyRequestSender -- Using open Channel [id: 0x304bf9d8, L:/127.0.0.1:49763 - R:localhost/127.0.0.1:19894] for POST '/session/c6821277ecba51d47ad66071b6823210/element'
20:01:04.594 [AsyncHttpClient-1-2] DEBUG org.asynchttpclient.netty.handler.HttpHandler -- 

Request DefaultHttpRequest(decodeResult: success, version: HTTP/1.1)
POST /session/c6821277ecba51d47ad66071b6823210/element HTTP/1.1
User-Agent: selenium/4.13.0 (java mac)
Content-Length: 61
Content-Type: application/json; charset=utf-8
host: localhost:19894
accept: */*

Response DefaultHttpResponse(decodeResult: success, version: HTTP/1.1)
HTTP/1.1 200 OK
Content-Length: 94
Content-Type: application/json; charset=utf-8
cache-control: no-cache

20:01:04.595 [AsyncHttpClient-1-2] DEBUG org.asynchttpclient.netty.channel.ChannelManager -- Adding key: http://localhost:19894 for channel [id: 0x304bf9d8, L:/127.0.0.1:49763 - R:localhost/127.0.0.1:19894]
20:01:04.602 [Forwarding findElement on session c6821277ecba51d47ad66071b6823210 to remote] DEBUG org.asynchttpclient.netty.request.NettyRequestSender -- Using pooled Channel '[id: 0x304bf9d8, L:/127.0.0.1:49763 - R:localhost/127.0.0.1:19894]' for 'POST' to 'http://localhost:19894/session/c6821277ecba51d47ad66071b6823210/element'
20:01:04.602 [Forwarding findElement on session c6821277ecba51d47ad66071b6823210 to remote] DEBUG org.asynchttpclient.netty.request.NettyRequestSender -- Using open Channel [id: 0x304bf9d8, L:/127.0.0.1:49763 - R:localhost/127.0.0.1:19894] for POST '/session/c6821277ecba51d47ad66071b6823210/element'
20:01:04.656 [AsyncHttpClient-1-2] DEBUG org.asynchttpclient.netty.handler.HttpHandler -- 

Request DefaultHttpRequest(decodeResult: success, version: HTTP/1.1)
POST /session/c6821277ecba51d47ad66071b6823210/element HTTP/1.1
User-Agent: selenium/4.13.0 (java mac)
Content-Length: 50
Content-Type: application/json; charset=utf-8
host: localhost:19894
accept: */*

Response DefaultHttpResponse(decodeResult: success, version: HTTP/1.1)
HTTP/1.1 200 OK
Content-Length: 95
Content-Type: application/json; charset=utf-8
cache-control: no-cache

20:01:04.656 [AsyncHttpClient-1-2] DEBUG org.asynchttpclient.netty.channel.ChannelManager -- Adding key: http://localhost:19894 for channel [id: 0x304bf9d8, L:/127.0.0.1:49763 - R:localhost/127.0.0.1:19894]
20:01:04.660 [AsyncHttpClient-1-1] DEBUG org.asynchttpclient.netty.channel.DefaultChannelPool -- Entry count for : http://localhost:49764 : 1
20:01:04.660 [AsyncHttpClient-1-1] DEBUG org.asynchttpclient.netty.channel.DefaultChannelPool -- Entry count for : http://localhost:19894 : 1
20:01:04.666 [Forwarding sendKeysToElement on session c6821277ecba51d47ad66071b6823210 to remote] DEBUG org.asynchttpclient.netty.request.NettyRequestSender -- Using pooled Channel '[id: 0x304bf9d8, L:/127.0.0.1:49763 - R:localhost/127.0.0.1:19894]' for 'POST' to 'http://localhost:19894/session/c6821277ecba51d47ad66071b6823210/element/8FE82C47B92957DA0FB2E09698A5FA9C_element_8/value'
20:01:04.667 [Forwarding sendKeysToElement on session c6821277ecba51d47ad66071b6823210 to remote] DEBUG org.asynchttpclient.netty.request.NettyRequestSender -- Using open Channel [id: 0x304bf9d8, L:/127.0.0.1:49763 - R:localhost/127.0.0.1:19894] for POST '/session/c6821277ecba51d47ad66071b6823210/element/8FE82C47B92957DA0FB2E09698A5FA9C_element_8/value'
20:01:05.104 [AsyncHttpClient-1-2] DEBUG org.asynchttpclient.netty.handler.HttpHandler -- 

Request DefaultHttpRequest(decodeResult: success, version: HTTP/1.1)
POST /session/c6821277ecba51d47ad66071b6823210/element/8FE82C47B92957DA0FB2E09698A5FA9C_element_8/value HTTP/1.1
User-Agent: selenium/4.13.0 (java mac)
Content-Length: 167
Content-Type: application/json; charset=utf-8
host: localhost:19894
accept: */*

Response DefaultHttpResponse(decodeResult: success, version: HTTP/1.1)
HTTP/1.1 200 OK
Content-Length: 14
Content-Type: application/json; charset=utf-8
cache-control: no-cache

20:01:05.106 [AsyncHttpClient-1-2] DEBUG org.asynchttpclient.netty.channel.ChannelManager -- Adding key: http://localhost:19894 for channel [id: 0x304bf9d8, L:/127.0.0.1:49763 - R:localhost/127.0.0.1:19894]
20:01:05.109 [Forwarding clickElement on session c6821277ecba51d47ad66071b6823210 to remote] DEBUG org.asynchttpclient.netty.request.NettyRequestSender -- Using pooled Channel '[id: 0x304bf9d8, L:/127.0.0.1:49763 - R:localhost/127.0.0.1:19894]' for 'POST' to 'http://localhost:19894/session/c6821277ecba51d47ad66071b6823210/element/8FE82C47B92957DA0FB2E09698A5FA9C_element_10/click'
20:01:05.110 [Forwarding clickElement on session c6821277ecba51d47ad66071b6823210 to remote] DEBUG org.asynchttpclient.netty.request.NettyRequestSender -- Using open Channel [id: 0x304bf9d8, L:/127.0.0.1:49763 - R:localhost/127.0.0.1:19894] for POST '/session/c6821277ecba51d47ad66071b6823210/element/8FE82C47B92957DA0FB2E09698A5FA9C_element_10/click'
20:01:05.759 [AsyncHttpClient-1-1] DEBUG org.asynchttpclient.netty.channel.DefaultChannelPool -- Entry count for : http://localhost:49764 : 1
20:01:05.871 [AsyncHttpClient-1-2] DEBUG org.asynchttpclient.netty.handler.HttpHandler -- 

Request DefaultHttpRequest(decodeResult: success, version: HTTP/1.1)
POST /session/c6821277ecba51d47ad66071b6823210/element/8FE82C47B92957DA0FB2E09698A5FA9C_element_10/click HTTP/1.1
User-Agent: selenium/4.13.0 (java mac)
Content-Length: 57
Content-Type: application/json; charset=utf-8
host: localhost:19894
accept: */*

Response DefaultHttpResponse(decodeResult: success, version: HTTP/1.1)
HTTP/1.1 200 OK
Content-Length: 14
Content-Type: application/json; charset=utf-8
cache-control: no-cache

20:01:05.872 [AsyncHttpClient-1-2] DEBUG org.asynchttpclient.netty.channel.ChannelManager -- Adding key: http://localhost:19894 for channel [id: 0x304bf9d8, L:/127.0.0.1:49763 - R:localhost/127.0.0.1:19894]
20:01:05.875 [Forwarding findElement on session c6821277ecba51d47ad66071b6823210 to remote] DEBUG org.asynchttpclient.netty.request.NettyRequestSender -- Using pooled Channel '[id: 0x304bf9d8, L:/127.0.0.1:49763 - R:localhost/127.0.0.1:19894]' for 'POST' to 'http://localhost:19894/session/c6821277ecba51d47ad66071b6823210/element'
20:01:05.875 [Forwarding findElement on session c6821277ecba51d47ad66071b6823210 to remote] DEBUG org.asynchttpclient.netty.request.NettyRequestSender -- Using open Channel [id: 0x304bf9d8, L:/127.0.0.1:49763 - R:localhost/127.0.0.1:19894] for POST '/session/c6821277ecba51d47ad66071b6823210/element'
20:01:05.924 [AsyncHttpClient-1-2] DEBUG org.asynchttpclient.netty.handler.HttpHandler -- 

Request DefaultHttpRequest(decodeResult: success, version: HTTP/1.1)
POST /session/c6821277ecba51d47ad66071b6823210/element HTTP/1.1
User-Agent: selenium/4.13.0 (java mac)
Content-Length: 52
Content-Type: application/json; charset=utf-8
host: localhost:19894
accept: */*

Response DefaultHttpResponse(decodeResult: success, version: HTTP/1.1)
HTTP/1.1 200 OK
Content-Length: 95
Content-Type: application/json; charset=utf-8
cache-control: no-cache

20:01:05.925 [AsyncHttpClient-1-2] DEBUG org.asynchttpclient.netty.channel.ChannelManager -- Adding key: http://localhost:19894 for channel [id: 0x304bf9d8, L:/127.0.0.1:49763 - R:localhost/127.0.0.1:19894]
20:01:05.929 [Forwarding getElementText on session c6821277ecba51d47ad66071b6823210 to remote] DEBUG org.asynchttpclient.netty.request.NettyRequestSender -- Using pooled Channel '[id: 0x304bf9d8, L:/127.0.0.1:49763 - R:localhost/127.0.0.1:19894]' for 'GET' to 'http://localhost:19894/session/c6821277ecba51d47ad66071b6823210/element/3D3FBA75BDBD88AE6A227CFFAE8A8A7D_element_14/text'
20:01:05.929 [Forwarding getElementText on session c6821277ecba51d47ad66071b6823210 to remote] DEBUG org.asynchttpclient.netty.request.NettyRequestSender -- Using open Channel [id: 0x304bf9d8, L:/127.0.0.1:49763 - R:localhost/127.0.0.1:19894] for GET '/session/c6821277ecba51d47ad66071b6823210/element/3D3FBA75BDBD88AE6A227CFFAE8A8A7D_element_14/text'
20:01:05.957 [AsyncHttpClient-1-2] DEBUG org.asynchttpclient.netty.handler.HttpHandler -- 

Request DefaultFullHttpRequest(decodeResult: success, version: HTTP/1.1, content: EmptyByteBufBE)
GET /session/c6821277ecba51d47ad66071b6823210/element/3D3FBA75BDBD88AE6A227CFFAE8A8A7D_element_14/text HTTP/1.1
Cache-Control: no-cache
User-Agent: selenium/4.13.0 (java mac)
Content-Type: application/json; charset=utf-8
host: localhost:19894
accept: */*

Response DefaultHttpResponse(decodeResult: success, version: HTTP/1.1)
HTTP/1.1 200 OK
Content-Length: 21
Content-Type: application/json; charset=utf-8
cache-control: no-cache

20:01:05.958 [AsyncHttpClient-1-2] DEBUG org.asynchttpclient.netty.channel.ChannelManager -- Adding key: http://localhost:19894 for channel [id: 0x304bf9d8, L:/127.0.0.1:49763 - R:localhost/127.0.0.1:19894]
20:01:05.968 [Driver Command Executor] DEBUG org.asynchttpclient.netty.request.NettyRequestSender -- Using pooled Channel '[id: 0x304bf9d8, L:/127.0.0.1:49763 - R:localhost/127.0.0.1:19894]' for 'DELETE' to 'http://localhost:19894/session/c6821277ecba51d47ad66071b6823210'
20:01:05.968 [Driver Command Executor] DEBUG org.asynchttpclient.netty.request.NettyRequestSender -- Using open Channel [id: 0x304bf9d8, L:/127.0.0.1:49763 - R:localhost/127.0.0.1:19894] for DELETE '/session/c6821277ecba51d47ad66071b6823210'
20:01:06.131 [AsyncHttpClient-1-3] DEBUG org.asynchttpclient.netty.handler.HttpHandler -- Channel Closed: [id: 0xadc2444d, L:/127.0.0.1:49768 ! R:localhost/127.0.0.1:49764] with attribute DISCARD
20:01:06.129 [AsyncHttpClient-1-4] DEBUG org.asynchttpclient.netty.handler.WebSocketHandler -- Unexpected I/O exception on channel [id: 0x8baf13f9, L:/127.0.0.1:49769 - R:localhost/127.0.0.1:49764]
java.net.SocketException: Connection reset
	at java.base/sun.nio.ch.SocketChannelImpl.throwConnectionReset(SocketChannelImpl.java:401)
	at java.base/sun.nio.ch.SocketChannelImpl.read(SocketChannelImpl.java:434)
	at io.netty.buffer.PooledByteBuf.setBytes(PooledByteBuf.java:254)
	at io.netty.buffer.AbstractByteBuf.writeBytes(AbstractByteBuf.java:1132)
	at io.netty.channel.socket.nio.NioSocketChannel.doReadBytes(NioSocketChannel.java:357)
	at io.netty.channel.nio.AbstractNioByteChannel$NioByteUnsafe.read(AbstractNioByteChannel.java:151)
	at io.netty.channel.nio.NioEventLoop.processSelectedKey(NioEventLoop.java:788)
	at io.netty.channel.nio.NioEventLoop.processSelectedKeysOptimized(NioEventLoop.java:724)
	at io.netty.channel.nio.NioEventLoop.processSelectedKeys(NioEventLoop.java:650)
	at io.netty.channel.nio.NioEventLoop.run(NioEventLoop.java:562)
	at io.netty.util.concurrent.SingleThreadEventExecutor$4.run(SingleThreadEventExecutor.java:997)
	at io.netty.util.internal.ThreadExecutorMap$2.run(ThreadExecutorMap.java:74)
	at io.netty.util.concurrent.FastThreadLocalRunnable.run(FastThreadLocalRunnable.java:30)
	at java.base/java.lang.Thread.run(Thread.java:1623)
20:01:06.134 [AsyncHttpClient-1-4] DEBUG org.asynchttpclient.netty.handler.WebSocketHandler -- Was unable to recover Future: NettyResponseFuture{currentRetry=0,
	isDone=1,
	isCancelled=0,
	asyncHandler=org.asynchttpclient.ws.WebSocketUpgradeHandler@131eee77,
	nettyRequest=org.asynchttpclient.netty.request.NettyRequest@7288a03c,
	future=java.util.concurrent.CompletableFuture@36227dcb[Completed normally],
	uri=ws://localhost:49764/devtools/browser/cb0fe822-7fed-41c7-b7a5-f5840f9911d9,
	keepAlive=true,
	redirectCount=0,
	timeoutsHolder=null,
	inAuth=0,
	touch=1696546866133}
20:01:06.134 [AsyncHttpClient-1-4] DEBUG org.asynchttpclient.netty.channel.ChannelManager -- Closing Channel [id: 0x8baf13f9, L:/127.0.0.1:49769 - R:localhost/127.0.0.1:49764] 
20:01:06.134 [AsyncHttpClient-1-4] WARN org.asynchttpclient.netty.handler.WebSocketHandler -- onError
java.net.SocketException: Connection reset
	at java.base/sun.nio.ch.SocketChannelImpl.throwConnectionReset(SocketChannelImpl.java:401)
	at java.base/sun.nio.ch.SocketChannelImpl.read(SocketChannelImpl.java:434)
	at io.netty.buffer.PooledByteBuf.setBytes(PooledByteBuf.java:254)
	at io.netty.buffer.AbstractByteBuf.writeBytes(AbstractByteBuf.java:1132)
	at io.netty.channel.socket.nio.NioSocketChannel.doReadBytes(NioSocketChannel.java:357)
	at io.netty.channel.nio.AbstractNioByteChannel$NioByteUnsafe.read(AbstractNioByteChannel.java:151)
	at io.netty.channel.nio.NioEventLoop.processSelectedKey(NioEventLoop.java:788)
	at io.netty.channel.nio.NioEventLoop.processSelectedKeysOptimized(NioEventLoop.java:724)
	at io.netty.channel.nio.NioEventLoop.processSelectedKeys(NioEventLoop.java:650)
	at io.netty.channel.nio.NioEventLoop.run(NioEventLoop.java:562)
	at io.netty.util.concurrent.SingleThreadEventExecutor$4.run(SingleThreadEventExecutor.java:997)
	at io.netty.util.internal.ThreadExecutorMap$2.run(ThreadExecutorMap.java:74)
	at io.netty.util.concurrent.FastThreadLocalRunnable.run(FastThreadLocalRunnable.java:30)
	at java.base/java.lang.Thread.run(Thread.java:1623)
20:01:06.164 [AsyncHttpClient-1-4] DEBUG org.asynchttpclient.netty.channel.ChannelManager -- Closing Channel [id: 0x8baf13f9, L:/127.0.0.1:49769 ! R:localhost/127.0.0.1:49764] 
20:01:06.166 [AsyncHttpClient-1-4] DEBUG org.asynchttpclient.netty.handler.WebSocketHandler -- Channel Closed: [id: 0x8baf13f9, L:/127.0.0.1:49769 ! R:localhost/127.0.0.1:49764] with attribute DISCARD
20:01:06.198 [AsyncHttpClient-1-2] DEBUG org.asynchttpclient.netty.handler.HttpHandler -- 

Request DefaultFullHttpRequest(decodeResult: success, version: HTTP/1.1, content: EmptyByteBufBE)
DELETE /session/c6821277ecba51d47ad66071b6823210 HTTP/1.1
User-Agent: selenium/4.13.0 (java mac)
Content-Type: application/json; charset=utf-8
host: localhost:19894
accept: */*

Response DefaultHttpResponse(decodeResult: success, version: HTTP/1.1)
HTTP/1.1 200 OK
Content-Length: 14
Content-Type: application/json; charset=utf-8
cache-control: no-cache

20:01:06.198 [AsyncHttpClient-1-2] DEBUG org.asynchttpclient.netty.channel.ChannelManager -- Adding key: http://localhost:19894 for channel [id: 0x304bf9d8, L:/127.0.0.1:49763 - R:localhost/127.0.0.1:19894]
20:01:06.322 [AsyncHttpClient-1-2] DEBUG org.asynchttpclient.netty.handler.HttpHandler -- Channel Closed: [id: 0x304bf9d8, L:/127.0.0.1:49763 ! R:localhost/127.0.0.1:19894] with attribute DISCARD
]]></system-out>
    <system-err><![CDATA[oct. 05, 2023 8:01:06 P. M. org.openqa.selenium.remote.http.WebSocket$Listener onError
WARNING: Connection reset
java.net.SocketException: Connection reset
	at java.base/sun.nio.ch.SocketChannelImpl.throwConnectionReset(SocketChannelImpl.java:401)
	at java.base/sun.nio.ch.SocketChannelImpl.read(SocketChannelImpl.java:434)
	at io.netty.buffer.PooledByteBuf.setBytes(PooledByteBuf.java:254)
	at io.netty.buffer.AbstractByteBuf.writeBytes(AbstractByteBuf.java:1132)
	at io.netty.channel.socket.nio.NioSocketChannel.doReadBytes(NioSocketChannel.java:357)
	at io.netty.channel.nio.AbstractNioByteChannel$NioByteUnsafe.read(AbstractNioByteChannel.java:151)
	at io.netty.channel.nio.NioEventLoop.processSelectedKey(NioEventLoop.java:788)
	at io.netty.channel.nio.NioEventLoop.processSelectedKeysOptimized(NioEventLoop.java:724)
	at io.netty.channel.nio.NioEventLoop.processSelectedKeys(NioEventLoop.java:650)
	at io.netty.channel.nio.NioEventLoop.run(NioEventLoop.java:562)
	at io.netty.util.concurrent.SingleThreadEventExecutor$4.run(SingleThreadEventExecutor.java:997)
	at io.netty.util.internal.ThreadExecutorMap$2.run(ThreadExecutorMap.java:74)
	at io.netty.util.concurrent.FastThreadLocalRunnable.run(FastThreadLocalRunnable.java:30)
	at java.base/java.lang.Thread.run(Thread.java:1623)

]]></system-err>
  </testcase>
</testsuite>